<?xml version="1.0" encoding="UTF-8"?>
<!-- Generated by org.testng.reporters.JUnitReportReporter -->
<testsuite skipped="0" hostname="DESKTOP-SP1DG6S" name="suiteExample.DemoOne" tests="2" failures="0" timestamp="2020-07-08T22:17:37 IST" time="0.012" errors="0">
  <testcase name="FirstTest" time="0.009" classname="suiteExample.DemoOne"/>
  <system-out/>
  <testcase name="SecondTest" time="0.003" classname="suiteExample.DemoOne"/>
  <system-out/>
</testsuite> <!-- suiteExample.DemoOne -->
