<?xml version="1.0" encoding="UTF-8"?>
<!-- Generated by org.testng.reporters.JUnitReportReporter -->
<testsuite skipped="0" hostname="DESKTOP-SP1DG6S" name="testNGTests.Activity9" tests="3" failures="0" timestamp="2020-07-08T22:54:58 IST" time="0.625" errors="0">
  <testcase name="simpleAlertTestCase" time="0.188" classname="testNGTests.Activity9"/>
  <system-out>
Simple Alert Started Simple Alert-This is a JavaScript Alert! Simple Alert Ended  </system-out>
  <testcase name="confirmAlertTestCase" time="0.186" classname="testNGTests.Activity9"/>
  <system-out>
Confirm Alert Started Confirm Alert-This is a JavaScript Confirmation! Confirm Alert Ended  </system-out>
  <testcase name="promptAlertTestCase" time="0.251" classname="testNGTests.Activity9"/>
  <system-out>
Prompt Alert Started Prompt Alert-This is a JavaScript Prompt! Prompt Alert Ended  </system-out>
</testsuite> <!-- testNGTests.Activity9 -->
