<?xml version="1.0" encoding="UTF-8"?>
<!-- Generated by org.testng.reporters.JUnitReportReporter -->
<testsuite skipped="0" hostname="DESKTOP-SP1DG6S" name="testNGTests.Activity3" tests="1" failures="0" timestamp="2020-07-08T22:17:37 IST" time="1.998" errors="0">
  <testcase name="GetTitle" time="1.998" classname="testNGTests.Activity3"/>
  <system-out/>
</testsuite> <!-- testNGTests.Activity3 -->
