<?xml version="1.0" encoding="UTF-8"?>
<!-- Generated by org.testng.reporters.JUnitReportReporter -->
<testsuite skipped="0" hostname="DESKTOP-SP1DG6S" name="testNGTests.Activity1" tests="1" failures="0" timestamp="2020-07-08T22:17:37 IST" time="40.192" errors="0">
  <testcase name="TestCase" time="40.192" classname="testNGTests.Activity1"/>
  <system-out/>
</testsuite> <!-- testNGTests.Activity1 -->
