<?xml version="1.0" encoding="UTF-8"?>
<!-- Generated by org.testng.reporters.JUnitReportReporter -->
<testsuite skipped="0" hostname="DESKTOP-SP1DG6S" name="testNGTests.Activity5" tests="3" failures="0" timestamp="2020-07-08T22:17:37 IST" time="0.698" errors="0">
  <testcase name="ButtonTest" time="0.321" classname="testNGTests.Activity5"/>
  <system-out/>
  <testcase name="GetTitle" time="0.197" classname="testNGTests.Activity5"/>
  <system-out/>
  <testcase name="HeaderTest" time="0.180" classname="testNGTests.Activity5"/>
  <system-out/>
</testsuite> <!-- testNGTests.Activity5 -->
