<?xml version="1.0" encoding="UTF-8"?>
<!-- Generated by org.testng.reporters.JUnitReportReporter -->
<testsuite skipped="0" hostname="DESKTOP-SP1DG6S" name="seleniumActivities.SuiteCRM" tests="9" failures="0" timestamp="2020-07-09T20:46:52 IST" time="122.972" errors="0">
  <testcase name="VerifyWebSiteTitle" time="7.520" classname="seleniumActivities.SuiteCRM"/>
  <system-out/>
  <testcase name="HeaderImageUrl" time="7.763" classname="seleniumActivities.SuiteCRM"/>
  <system-out/>
  <testcase name="FirstCopyRightText" time="7.880" classname="seleniumActivities.SuiteCRM"/>
  <system-out/>
  <testcase name="LoggingSite" time="11.046" classname="seleniumActivities.SuiteCRM"/>
  <system-out/>
  <testcase name="NavigationMenuColor" time="10.409" classname="seleniumActivities.SuiteCRM"/>
  <system-out/>
  <testcase name="ActivitiesMenuChecking" time="10.257" classname="seleniumActivities.SuiteCRM"/>
  <system-out/>
  <testcase name="ReadingAdditionalInformation" time="35.905" classname="seleniumActivities.SuiteCRM"/>
  <system-out/>
  <testcase name="TraversingTables" time="15.176" classname="seleniumActivities.SuiteCRM"/>
  <system-out/>
  <testcase name="TraversingTables2" time="17.016" classname="seleniumActivities.SuiteCRM"/>
  <system-out/>
</testsuite> <!-- seleniumActivities.SuiteCRM -->
